<?xml version="1.0" encoding="UTF-8"?>
<!-- Generated by org.testng.reporters.JUnitXMLReporter -->
<testsuite ignored="0" hostname="Indranil-laptop" failures="0" tests="3" name="Default test" time="4.895" errors="0" timestamp="2021-09-15T06:37:20 IST">
  <testcase classname="tests.TestWithStaticImport" name="testGetRequest" time="3.497"/>
  <testcase classname="tests.TestWithStaticImport" name="testPostRequest" time="1.021"/>
  <testcase classname="tests.TestWithStaticImport" name="testwithStatic" time="0.317"/>
</testsuite> <!-- Default test -->
