<?xml version="1.0" encoding="UTF-8"?>
<testng-results ignored="0" total="3" passed="3" failed="0" skipped="0">
  <reporter-output>
  </reporter-output>
  <suite started-at="2021-09-15T06:37:15 IST" name="Default suite" finished-at="2021-09-15T06:37:20 IST" duration-ms="4895">
    <groups>
    </groups>
    <test started-at="2021-09-15T06:37:15 IST" name="Default test" finished-at="2021-09-15T06:37:20 IST" duration-ms="4895">
      <class name="tests.TestWithStaticImport">
        <test-method signature="testGetRequest()[pri:0, instance:tests.TestWithStaticImport@5136d012]" started-at="2021-09-15T06:37:15 IST" name="testGetRequest" finished-at="2021-09-15T06:37:19 IST" duration-ms="3497" status="PASS">
          <reporter-output>
          </reporter-output>
        </test-method> <!-- testGetRequest -->
        <test-method signature="testPostRequest()[pri:0, instance:tests.TestWithStaticImport@5136d012]" started-at="2021-09-15T06:37:19 IST" name="testPostRequest" finished-at="2021-09-15T06:37:20 IST" duration-ms="1021" status="PASS">
          <reporter-output>
          </reporter-output>
        </test-method> <!-- testPostRequest -->
        <test-method signature="testwithStatic()[pri:0, instance:tests.TestWithStaticImport@5136d012]" started-at="2021-09-15T06:37:20 IST" name="testwithStatic" finished-at="2021-09-15T06:37:20 IST" duration-ms="317" status="PASS">
          <reporter-output>
          </reporter-output>
        </test-method> <!-- testwithStatic -->
      </class> <!-- tests.TestWithStaticImport -->
    </test> <!-- Default test -->
  </suite> <!-- Default suite -->
</testng-results>
